positions: instr line
events: cpu(ms)

ob=
fl=(1) C:\Go\src\runtime\cgocall.go
fn=(1) runtime.cgocall
0x404404 133 9440

ob=
fl=(2) C:\Go\src\runtime\os_windows.go
fn=(2) runtime.stdcall2
+197826 957 20

ob=
fl=(2)
fn=(3) runtime.stdcall4
+192 973 20

ob=
fl=(3) C:\Go\src\reflect\value.go
fn=(4) reflect.ValueOf
0x672233 2327 20

ob=
fl=(1)
fn=(1)
0x4043ec 114 10
+110 152 10

ob=
fl=(4) C:\Go\src\runtime\lock_sema.go
fn=(5) runtime.lock
+32649 43 10

ob=
fl=(5) C:\Go\src\runtime\malloc.go
fn=(6) runtime.mallocgc
+7803 1031 10

ob=
fl=(2)
fn=(7) runtime.stdcall1
+157192 949 10

ob=
fl=(6) C:\Go\src\runtime\proc.go
fn=(8) runtime.(*randomEnum).next
+42317 5373 10
+94 5373 10

ob=
fl=(6)
fn=(9) runtime.findrunnable
+694 2083 10
+1468 2138 10

ob=
fl=(6)
fn=(10) runtime.schedule
+2760 2530 10

ob=
fl=(6)
fn=(11) runtime.exitsyscall
+6693 3085 10

ob=
fl=(6)
fn=(12) runtime.checkdead
+12118 4366 10

ob=
fl=(7) C:\Go\src\runtime\msize.go
fn=(13) runtime.roundupsize
+34999 16 10

ob=
fl=(8) C:\Go\src\runtime\pprof\map.go
fn=(14) runtime/pprof.(*profMap).lookup
0x698930 28 10

ob=
fl=(1)
fn=(1)
0x40445e 152 0
cfl=(6)
cfn=(11)
calls=0 0x441b70 3085
* * 10

ob=
fl=(9) C:\Go\src\runtime\iface.go
fn=(15) runtime.convTslice
+30085 378 0
cfl=(5)
cfn=(6)
calls=0 +40448 1031
* * 10

ob=
fl=(4)
fn=(5)
+2778 85 0
cfl=(2)
cfn=(16) runtime.semasleep
calls=0 +165186 711
* * 20

ob=
fl=(4)
fn=(17) runtime.notewakeup
+514 153 0
cfl=(2)
cfn=(18) runtime.semawakeup
calls=0 +162897 763
* * 10

ob=
fl=(10) C:\Go\src\runtime\mem_windows.go
fn=(19) runtime.sysUsed
+54094 63 0
cfl=(2)
cfn=(3)
calls=0 +164551 973
* * 20

ob=
fl=(11) C:\Go\src\runtime\mheap.go
fn=(20) runtime.(*mheap).allocSpan
+58621 1229 0
cfl=(10)
cfn=(19)
calls=0 * 63
* * 20

ob=
fl=(2)
fn=(16)
+49179 711 0
cfl=(2)
cfn=(2)
calls=0 +51644 957
* * 20

ob=
fl=(2)
fn=(18)
+489 763 0
cfl=(2)
cfn=(7)
calls=0 +2369 949
* * 10

ob=
fl=(6)
fn=(21) runtime.main
+25523 203 0
cfl=(12) C:\Users\Sophie\Documents_New\Chip8le\main.go
cfn=(22) main.main
calls=0 0x6a1802 49
* * 8910
cfl=(12)
cfn=(22)
calls=0 0x6a15c8 36
* * 600

ob=
fl=(6)
fn=(23) runtime.mstart
+10095 1041 0
cfl=(13) C:\Go\src\runtime\asm_amd64.s
cfn=(24) runtime.systemstack
calls=0 +171385 370
* * 20

ob=
fl=(6)
fn=(25) runtime.mput
+5282 4818 0
cfl=(6)
cfn=(12)
calls=0 +32406 4366
* * 10

ob=
fl=(6)
fn=(26) runtime.stopm
* 1826 0
cfl=(6)
cfn=(25)
calls=0 * 4818
* * 10

ob=
fl=(6)
fn=(27) runtime.startm
+455 1884 0
cfl=(4)
cfn=(17)
calls=0 -203283 153
* * 10

ob=
fl=(6)
fn=(9)
+2842 2151 0
cfl=(6)
cfn=(8)
calls=0 +2842 5373
* * 10
+94 2151 0
cfl=(6)
cfn=(8)
calls=0 +94 5373
* * 10
+1314 2235 0
cfl=(4)
cfn=(5)
calls=0 -207188 85
* * 20
+1102 2360 0
cfl=(6)
cfn=(26)
calls=0 -4705 1826
* * 10

ob=
fl=(6)
fn=(28) runtime.resetspinning
+1679 2415 0
cfl=(6)
cfn=(29) runtime.wakep
calls=0 +1679 1953
* * 10

ob=
fl=(6)
fn=(29)
* 1953 0
cfl=(6)
cfn=(27)
calls=0 -7031 1884
* * 10

ob=
fl=(6)
fn=(10)
+1227 2527 0
cfl=(6)
cfn=(28)
calls=0 * 2415
* * 10
+30 2520 0
cfl=(6)
cfn=(9)
calls=0 -4008 2235
* * 20
cfl=(6)
cfn=(9)
calls=0 -5416 2151
* * 10
cfl=(6)
cfn=(9)
calls=0 -5322 2151
* * 10
cfl=(6)
cfn=(9)
calls=0 -4628 2083
* * 10
cfl=(6)
cfn=(9)
calls=0 -3160 2138
* * 10
cfl=(6)
cfn=(9)
calls=0 -2906 2360
* * 10

ob=
fl=(6)
fn=(30) runtime.park_m
+1464 2690 0
cfl=(6)
cfn=(10)
calls=0 * 2520
* * 70
cfl=(6)
cfn=(10)
calls=0 -430 2530
* * 10
cfl=(6)
cfn=(10)
calls=0 -30 2527
* * 10
+36 2679 0
cfl=(14) C:\Go\src\runtime\time.go
cfn=(31) runtime.resetForSleep
calls=0 +86265 207
* * 10

ob=
fl=(15) C:\Go\src\runtime\select.go
fn=(32) runtime.sellock
+36247 51 0
cfl=(4)
cfn=(5)
calls=0 -214258 43
* * 10

ob=
fl=(15)
fn=(33) runtime.selectgo
+1341 208 0
cfl=(15)
cfn=(32)
calls=0 * 51
* * 10

ob=
fl=(16) C:\Go\src\runtime\slice.go
fn=(34) runtime.growslice
+14292 132 0
cfl=(7)
cfn=(13)
calls=0 +14292 16
* * 10

ob=
fl=(14)
fn=(31)
+34349 207 0
cfl=(14)
cfn=(35) runtime.resettimer
calls=0 +37846 504
* * 10

ob=
fl=(14)
fn=(36) runtime.addInitializedTimer
+756 267 0
cfl=(14)
cfn=(37) runtime.doaddtimer
calls=0 +1133 291
* * 10

ob=
fl=(14)
fn=(37)
+377 291 0
cfl=(16)
cfn=(34)
calls=0 -35105 132
* * 10

ob=
fl=(14)
fn=(35)
+2364 504 0
cfl=(14)
cfn=(36)
calls=0 -377 267
* * 10

ob=
fl=(11)
fn=(38) runtime.(*mheap).alloc.func1
+46199 871 0
cfl=(11)
cfn=(20)
calls=0 -190537 1229
* * 20

ob=
fl=(13)
fn=(39) runtime.mcall
+9699 318 0
cfl=(6)
cfn=(30)
calls=0 -135961 2690
* * 90
cfl=(6)
cfn=(30)
calls=0 -135925 2679
* * 10

ob=
fl=(13)
fn=(24)
+141 370 0
cfl=(11)
cfn=(38)
calls=0 -9699 871
* * 20

ob=
fl=(17) _cgo_gotypes.go
fn=(40) github.com/go-gl/gl/all-core/gl._Cfunc_GlowGetProcAddress_glcoreall
0x670ed0 3377 0
cfl=(1)
cfn=(1)
calls=0 -392758 133
* * 10

ob=
fl=(17)
fn=(41) github.com/go-gl/gl/all-core/gl._Cfunc_glowBindVertexArray
+663 4013 0
cfl=(1)
cfn=(1)
calls=0 0x404404 133
* * 30
cfl=(1)
cfn=(1)
calls=0 0x4043ec 114
* * 10
cfl=(1)
cfn=(1)
calls=0 0x40445a 152
* * 10

ob=
fl=(17)
fn=(42) github.com/go-gl/gl/all-core/gl._Cfunc_glowDrawArrays
+1060 7780 0
cfl=(1)
cfn=(1)
calls=0 0x404404 133
* * 20
cfl=(1)
cfn=(1)
calls=0 0x40445e 152
* * 10

ob=
fl=(17)
fn=(43) github.com/go-gl/gl/all-core/gl._Cfunc_glowGenBuffers
+384 9424 0
cfl=(1)
cfn=(1)
calls=0 0x404404 133
* * 8400

ob=
fl=(17)
fn=(44) github.com/go-gl/gl/all-core/gl._Cfunc_glowGenVertexArrays
+192 9602 0
cfl=(1)
cfn=(1)
calls=0 0x404404 133
* * 80

ob=
fl=(17)
fn=(45) github.com/go-gl/gl/all-core/gl._Cfunc_glowVertexAttribPointer
+1248 29532 0
cfl=(1)
cfn=(1)
calls=0 0x404404 133
* * 10

ob=
fl=(18) C:\Users\Sophie\go\pkg\mod\github.com\go-gl\gl@v0.0.0-20190320180904-bf2b1f2f34d7\all-core\gl\conversions.go
fn=(46) github.com/go-gl/gl/all-core/gl.Ptr
+1416 28 0
cfl=(3)
cfn=(4)
calls=0 +1416 2327
* * 20

ob=
fl=(19) C:\Users\Sophie\go\pkg\mod\github.com\go-gl\gl@v0.0.0-20190320180904-bf2b1f2f34d7\all-core\gl\package.go
fn=(47) github.com/go-gl/gl/all-core/gl.VertexAttribPointer
+1383 16491 0
cfl=(19)
cfn=(48) github.com/go-gl/gl/all-core/gl.VertexAttribPointer.func1
calls=0 +118899 16491
* * 10

ob=
fl=(19)
fn=(49) github.com/go-gl/gl/all-core/gl.InitWithProcAddrFunc
+45246 17437 0
cfl=(20) C:\Users\Sophie\go\pkg\mod\github.com\go-gl\gl@v0.0.0-20190320180904-bf2b1f2f34d7\all-core\gl\procaddr.go
cfn=(50) github.com/go-gl/gl/all-core/gl.getProcAddress
calls=0 +116783 70
* * 10

ob=
fl=(20)
fn=(50)
+71537 70 0
cfl=(17)
cfn=(40)
calls=0 -51592 3377
* * 10

ob=
fl=(19)
fn=(48)
+733 16491 0
cfl=(17)
cfn=(45)
calls=0 -119582 29532
* * 10

ob=
fl=(17)
fn=(51) github.com/go-gl/glfw/v3.3/glfw._Cfunc_glfwCreateWindow
+8670 669 0
cfl=(1)
cfn=(1)
calls=0 0x404404 133
* * 430

ob=
fl=(17)
fn=(52) github.com/go-gl/glfw/v3.3/glfw._Cfunc_glfwInit
+251 1433 0
cfl=(1)
cfn=(1)
calls=0 0x404404 133
* * 160

ob=
fl=(17)
fn=(53) github.com/go-gl/glfw/v3.3/glfw._Cfunc_glfwPollEvents
+232 1511 0
cfl=(1)
cfn=(1)
calls=0 0x404404 133
* * 240

ob=
fl=(17)
fn=(54) github.com/go-gl/glfw/v3.3/glfw._Cfunc_glfwSwapBuffers
+192 2401 0
cfl=(1)
cfn=(1)
calls=0 0x404404 133
* * 50

ob=
fl=(17)
fn=(55) github.com/go-gl/glfw/v3.3/glfw._Cfunc_glfwWindowShouldClose
+296 2517 0
cfl=(1)
cfn=(1)
calls=0 0x404404 133
* * 10

ob=
fl=(21) C:\Users\Sophie\go\pkg\mod\github.com\go-gl\glfw\v3.3\glfw@v0.0.0-20200420212212-258d9bec320e\context.go
fn=(56) github.com/go-gl/glfw/v3.3/glfw.(*Window).SwapBuffers
+4162 41 0
cfl=(21)
cfn=(57) github.com/go-gl/glfw/v3.3/glfw.(*Window).SwapBuffers.func1
calls=0 +10668 41
* * 50

ob=
fl=(22) C:\Users\Sophie\go\pkg\mod\github.com\go-gl\glfw\v3.3\glfw@v0.0.0-20200420212212-258d9bec320e\glfw.go
fn=(58) github.com/go-gl/glfw/v3.3/glfw.Init
+2471 36 0
cfl=(17)
cfn=(52)
calls=0 -4882 1433
* * 160

ob=
fl=(23) C:\Users\Sophie\go\pkg\mod\github.com\go-gl\glfw\v3.3\glfw@v0.0.0-20200420212212-258d9bec320e\window.go
fn=(59) github.com/go-gl/glfw/v3.3/glfw.CreateWindow
+3230 348 0
cfl=(23)
cfn=(60) github.com/go-gl/glfw/v3.3/glfw.CreateWindow.func2
calls=0 +4471 348
* * 430

ob=
fl=(23)
fn=(61) github.com/go-gl/glfw/v3.3/glfw.(*Window).ShouldClose
+363 370 0
cfl=(23)
cfn=(62) github.com/go-gl/glfw/v3.3/glfw.(*Window).ShouldClose.func1
calls=0 +1365 370
* * 10

ob=
fl=(23)
fn=(63) github.com/go-gl/glfw/v3.3/glfw.PollEvents
+151 949 0
cfl=(17)
cfn=(53)
calls=0 -10714 1511
* * 240

ob=
fl=(21)
fn=(57)
+291 41 0
cfl=(17)
cfn=(54)
calls=0 -10673 2401
* * 50

ob=
fl=(23)
fn=(60)
+436 348 0
cfl=(17)
cfn=(51)
calls=0 -11639 669
* * 430

ob=
fl=(23)
fn=(62)
+124 370 0
cfl=(17)
cfn=(55)
calls=0 -11104 2517
* * 10

ob=
fl=(24) C:\Users\Sophie\Documents_New\Chip8le\internal\renderer.go
fn=(64) git.agehadev.com/elliebelly/chip8le/internal.(*Renderer).Init
+1253 40 0
cfl=(22)
cfn=(58)
calls=0 -4595 36
* * 160
+611 50 0
cfl=(23)
cfn=(59)
calls=0 -2618 348
* * 430
+509 60 0
cfl=(19)
cfn=(65) github.com/go-gl/gl/all-core/gl.Init
calls=0 +509 16609
* * 10

ob=
fl=(19)
fn=(65)
* 16609 0
cfl=(19)
cfn=(49)
calls=0 -95512 17437
* * 10

ob=
fl=(24)
fn=(66) git.agehadev.com/elliebelly/chip8le/internal.makeVao
+1071 86 0
cfl=(19)
cfn=(67) github.com/go-gl/gl/all-core/gl.GenBuffers
calls=0 +1071 12128
* * 8400

ob=
fl=(19)
fn=(67)
* 12128 0
cfl=(17)
cfn=(43)
calls=0 -146068 9424
* * 8400

ob=
fl=(24)
fn=(66)
+69 88 0
cfl=(9)
cfn=(15)
calls=0 0x40b9e3 378
* * 10
+26 88 0
cfl=(18)
cfn=(46)
calls=0 -143281 28
* * 20
+90 91 0
cfl=(19)
cfn=(68) github.com/go-gl/gl/all-core/gl.GenVertexArrays
calls=0 +90 12184
* * 80

ob=
fl=(19)
fn=(68)
* 12184 0
cfl=(17)
cfn=(44)
calls=0 -146061 9602
* * 80

ob=
fl=(24)
fn=(66)
+27 92 0
cfl=(19)
cfn=(69) github.com/go-gl/gl/all-core/gl.BindVertexArray
calls=0 +27 10848
* * 20

ob=
fl=(19)
fn=(69)
* 10848 0
cfl=(17)
cfn=(41)
calls=0 -147724 4013
* * 20

ob=
fl=(24)
fn=(66)
+109 95 0
cfl=(19)
cfn=(47)
calls=0 -142041 16491
* * 10

ob=
fl=(24)
fn=(70) git.agehadev.com/elliebelly/chip8le/internal.(*Renderer).RenderFrame
+200 109 0
cfl=(24)
cfn=(71) git.agehadev.com/elliebelly/chip8le/internal.(*Renderer).drawSquare
calls=0 +790 147
* * 8540
cfl=(24)
cfn=(71)
calls=0 +840 151
* * 30
cfl=(24)
cfn=(71)
calls=0 +906 152
* * 30
+53 114 0
cfl=(21)
cfn=(56)
calls=0 -11031 41
* * 50
+5 115 0
cfl=(23)
cfn=(63)
calls=0 -4869 949
* * 240

ob=
fl=(24)
fn=(71)
+532 147 0
cfl=(24)
cfn=(66)
calls=0 -579 86
* * 8400
cfl=(24)
cfn=(66)
calls=0 -394 91
* * 80
cfl=(24)
cfn=(66)
calls=0 -484 88
* * 20
cfl=(24)
cfn=(66)
calls=0 -367 92
* * 20
cfl=(24)
cfn=(66)
calls=0 -510 88
* * 10
cfl=(24)
cfn=(66)
calls=0 -258 95
* * 10
+50 151 0
cfl=(19)
cfn=(69)
calls=0 +50 10848
* * 30

ob=
fl=(19)
fn=(69)
* 10848 0
cfl=(17)
cfn=(41)
calls=0 -148673 4013
* * 30

ob=
fl=(24)
fn=(71)
+66 152 0
cfl=(19)
cfn=(72) github.com/go-gl/gl/all-core/gl.DrawArrays
calls=0 +66 11731
* * 30

ob=
fl=(19)
fn=(72)
* 11731 0
cfl=(17)
cfn=(42)
calls=0 -147679 7780
* * 30

ob=
fl=(25) C:\Users\Sophie\Documents_New\Chip8le\internal\engine\engine.go
fn=(73) git.agehadev.com/elliebelly/chip8le/internal/engine.(*Engine).Run
+1584 115 0
cfl=(15)
cfn=(33)
calls=0 0x449ba9 208
* * 10
+52 119 0
cfl=(23)
cfn=(61)
calls=0 -7257 370
* * 10
+68 130 0
cfl=(24)
cfn=(70)
calls=0 -2342 109
* * 8600
cfl=(24)
cfn=(70)
calls=0 -2284 115
* * 240
cfl=(24)
cfn=(70)
calls=0 -2289 114
* * 50

ob=
fl=(26) C:\Go\src\runtime\pprof\pprof.go
fn=(74) runtime/pprof.profileWriter
+21079 767 0
cfl=(27) C:\Go\src\runtime\pprof\proto.go
cfn=(75) runtime/pprof.(*profileBuilder).addCPUData
calls=0 +27366 328
* * 10

ob=
fl=(27)
fn=(75)
+6287 328 0
cfl=(8)
cfn=(14)
calls=0 -9785 28
* * 10

ob=
fl=(12)
fn=(22)
+19920 36 0
cfl=(24)
cfn=(64)
calls=0 -31877 50
* * 430
cfl=(24)
cfn=(64)
calls=0 -32488 40
* * 160
cfl=(24)
cfn=(64)
calls=0 -31368 60
* * 10
+570 49 0
cfl=(25)
cfn=(73)
calls=0 -47286 130
* * 8890
cfl=(25)
cfn=(73)
calls=0 -47406 115
* * 10
cfl=(25)
cfn=(73)
calls=0 -47354 119
* * 10
